<?xml version="1.0" encoding="UTF-8"?>
<!-- Generated by org.testng.reporters.JUnitReportReporter -->
<testsuite skipped="0" hostname="tina-VirtualBox" name="com.herokuapp.theinternet.PositiveTests" tests="1" failures="0" timestamp="08 Nov 2018 17:15:13 GMT" time="9.656" errors="0">
  <testcase name="loginTest" time="9.656" classname="com.herokuapp.theinternet.PositiveTests"/>
</testsuite> <!-- com.herokuapp.theinternet.PositiveTests -->
