<?xml version="1.0" encoding="UTF-8"?>
<!-- Generated by org.testng.reporters.JUnitReportReporter -->
<testsuite skipped="0" hostname="tina-VirtualBox" name="com.herokuapp.theinternet.NegativeTests" tests="1" failures="0" timestamp="07 Nov 2018 21:41:15 GMT" time="3.590" errors="0">
  <testcase name="incorrectLoginTest" time="3.590" classname="com.herokuapp.theinternet.NegativeTests"/>
</testsuite> <!-- com.herokuapp.theinternet.NegativeTests -->
