<?xml version="1.0" encoding="UTF-8"?>
<!-- Generated by org.testng.reporters.JUnitReportReporter -->
<testsuite skipped="0" hostname="tina-VirtualBox" name="com.herokuapp.theinternet.PositiveTests" tests="1" failures="0" timestamp="12 Nov 2018 16:04:59 GMT" time="28.126" errors="0">
  <testcase name="loginTest" time="28.126" classname="com.herokuapp.theinternet.PositiveTests"/>
</testsuite> <!-- com.herokuapp.theinternet.PositiveTests -->
